C51 COMPILER V9.01   MAIN                                                                  05/27/2018 13:27:27 PAGE 1   


C51 COMPILER V9.01, COMPILATION OF MODULE MAIN
OBJECT MODULE PLACED IN main.OBJ
COMPILER INVOKED BY: E:\keil\C51\BIN\C51.EXE main.c BROWSE DEBUG OBJECTEXTEND

line level    source

   1          #include "reg52.h"
   2          
   3          typedef unsigned int uint16;
   4          typedef unsigned char uint8;
   5          
   6          sbit relay=P1^4;
   7          
   8           int delay(uint16 i)
   9           {
  10   1              while(i--);
  11   1              return 0;
  12   1       }
  13          
  14          int main(void)
  15          {
  16   1              relay = 0;
  17   1              delay(500000);
  18   1              relay = 1;
  19   1              while(1)
  20   1              {
  21   2                      
  22   2              }
  23   1              return 0;
  24   1      }


MODULE INFORMATION:   STATIC OVERLAYABLE
   CODE SIZE        =     27    ----
   CONSTANT SIZE    =   ----    ----
   XDATA SIZE       =   ----    ----
   PDATA SIZE       =   ----    ----
   DATA SIZE        =   ----    ----
   IDATA SIZE       =   ----    ----
   BIT SIZE         =   ----    ----
END OF MODULE INFORMATION.


C51 COMPILATION COMPLETE.  0 WARNING(S),  0 ERROR(S)
