C51 COMPILER V9.01   MAIN                                                                  05/27/2018 19:22:41 PAGE 1   


C51 COMPILER V9.01, COMPILATION OF MODULE MAIN
OBJECT MODULE PLACED IN main.OBJ
COMPILER INVOKED BY: E:\keil\C51\BIN\C51.EXE main.c BROWSE DEBUG OBJECTEXTEND

line level    source

   1          #include "reg52.h"
   2          #include "intrins.h"
   3          
   4          #define GPIO_DIG P0
   5          #define GPIO_KEY P1
   6          
   7          
   8          
   9          typedef unsigned int uint16;
  10          typedef unsigned int uint8;        
  11          
  12          
  13          uint8 code A_list[16] = {0x3f,0x06,0x5b,0x4f,0x66,0x6d,0x7d,
  14                                                                  0x07,0x7f,0x6f,0x77,0x7c,0x39,0x5e,0x79,0x71};
  15          
  16          uint8 keyvalue;
  17          
  18          int delay(uint16 i)                                       //延时函数
  19          {
  20   1              while(i--);
  21   1              return 0;
  22   1      }
  23          
  24          void keydown()
  25          {
  26   1              int a = 0;
  27   1              GPIO_KEY = 0x0f;
  28   1              if(GPIO_KEY != 0x0f)
  29   1              {
  30   2                      delay(1000);
  31   2                      switch(GPIO_KEY)
  32   2                      {
  33   3                              case 0x07: keyvalue = 0;
  34   3                              break;
  35   3                              case 0x0b: keyvalue = 1;
  36   3                              break;
  37   3                              case 0x0d: keyvalue = 2;
  38   3                              break;
  39   3                              case 0x0e: keyvalue = 3;
  40   3                              break;          
  41   3                      } 
  42   2      
  43   2                      GPIO_KEY = 0XF0;
  44   2                      switch(GPIO_KEY)
  45   2                      {
  46   3                              case 0x70: keyvalue = keyvalue;
  47   3                              break;
  48   3                              case 0xb0: keyvalue = keyvalue+4;
  49   3                              break;
  50   3                              case 0xd0: keyvalue = keyvalue+8;
  51   3                              break;
  52   3                              case 0xe0: keyvalue = keyvalue+12;
  53   3                              break;          
  54   3                      } 
  55   2                      while((a<50)&&(GPIO_KEY != 0xf0))
C51 COMPILER V9.01   MAIN                                                                  05/27/2018 19:22:41 PAGE 2   

  56   2                      {
  57   3                              delay(1000);
  58   3                              a++;
  59   3                      }               
  60   2              }
  61   1      }
  62          
  63          
  64                                                                  
  65          
  66          
  67          
  68          
  69          int main(void)
  70          {
  71   1              while(1)
  72   1              {
  73   2                      keydown();
  74   2                      GPIO_DIG = ~A_list[keyvalue];            //这里使用静态数码管为共阳
  75   2              }
  76   1      
  77   1              return 0;
  78   1      }


MODULE INFORMATION:   STATIC OVERLAYABLE
   CODE SIZE        =    194    ----
   CONSTANT SIZE    =     32    ----
   XDATA SIZE       =   ----    ----
   PDATA SIZE       =   ----    ----
   DATA SIZE        =      2    ----
   IDATA SIZE       =   ----    ----
   BIT SIZE         =   ----    ----
END OF MODULE INFORMATION.


C51 COMPILATION COMPLETE.  0 WARNING(S),  0 ERROR(S)
