C51 COMPILER V9.01   MAIN                                                                  05/27/2018 16:24:47 PAGE 1   


C51 COMPILER V9.01, COMPILATION OF MODULE MAIN
OBJECT MODULE PLACED IN main.OBJ
COMPILER INVOKED BY: E:\keil\C51\BIN\C51.EXE main.c BROWSE DEBUG OBJECTEXTEND

line level    source

   1          #include "reg52.h"
   2          
   3          typedef unsigned int uint16;
   4          typedef unsigned char uint8;
   5          
   6          sbit led=P0^0;
   7          sbit k1=P1^0;    //定义独立按键
   8          
   9          int delay(uint16 i)  
  10          {       
  11   1              while(i--);
  12   1              return 0;
  13   1      }
  14          
  15          void keypros()
  16          {
  17   1              if(k1 == 0)
  18   1              {
  19   2                      delay(1000);              //延时消抖动10毫秒
  20   2                      if(k1 == 0)
  21   2                      {
  22   3                              led = ~led;
  23   3                      }
  24   2                      while(k1 == 0)
  25   2                              continue;
  26   2      
  27   2              }
  28   1      }
  29          
  30          int main(void)
  31          {
  32   1              led = 0;
  33   1              while(1)
  34   1              {
  35   2                      keypros();                      
  36   2              }
  37   1              return 0;
  38   1      }


MODULE INFORMATION:   STATIC OVERLAYABLE
   CODE SIZE        =     42    ----
   CONSTANT SIZE    =   ----    ----
   XDATA SIZE       =   ----    ----
   PDATA SIZE       =   ----    ----
   DATA SIZE        =   ----    ----
   IDATA SIZE       =   ----    ----
   BIT SIZE         =   ----    ----
END OF MODULE INFORMATION.


C51 COMPILATION COMPLETE.  0 WARNING(S),  0 ERROR(S)
